<?xml version="1.0" encoding="UTF-8"?>
<!-- Generated by org.testng.reporters.JUnitXMLReporter -->
<testsuite ignored="0" hostname="DESKTOP-JCFFMLF" failures="1" tests="3" name="Javapractice" time="0.109" errors="0" timestamp="2024-07-14T11:38:25 IST">
  <testcase classname="Javapractice.PrimeNumbers" name="case3" time="0.016">
    <failure type="java.lang.AssertionError" message="expected [true] but found [false]">
      <![CDATA[java.lang.AssertionError: expected [true] but found [false]
at Javapractice.PrimeNumbers.case3(PrimeNumbers.java:48)
at java.base/java.util.ArrayList.forEach(ArrayList.java:1511)
... Removed 29 stack frames]]>
    </failure>
  </testcase> <!-- case3 -->
  <testcase classname="Javapractice.PrimeNumbers" name="testcase1" time="0.003"/>
  <testcase classname="Javapractice.Polindrome" name="Rajesh" time="0.004"/>
</testsuite> <!-- Javapractice -->
